  源.cpp
D:\程序\app\源.cpp(15,2): error C2665: “loadimage”: 没有重载函数可以转换所有参数类型
C:\Program Files\Microsoft Visual Studio\2022\Community\VC\Auxiliary\VS\include\easyx.h(258,6): message : 可能是“void loadimage(IMAGE *,LPCTSTR,int,int,bool)”
D:\程序\app\源.cpp(15,2): message : “void loadimage(IMAGE *,LPCTSTR,int,int,bool)”: 无法将参数 2 从“const char [12]”转换为“LPCTSTR”
D:\程序\app\源.cpp(15,25): message : 指向的类型不相关; 转换需要 reinterpret_cast、C 样式强制转换或带圆括号的函数样式强制转换
D:\程序\app\源.cpp(15,2): message : 尝试匹配参数列表“(IMAGE *, const char [12])”时
D:\程序\app\源.cpp(22,11): warning C4244: “初始化”: 从“double”转换到“float”，可能丢失数据
D:\程序\app\源.cpp(23,3): error C2665: “loadimage”: 没有重载函数可以转换所有参数类型
C:\Program Files\Microsoft Visual Studio\2022\Community\VC\Auxiliary\VS\include\easyx.h(259,6): message : 可能是“void loadimage(IMAGE *,LPCTSTR,LPCTSTR,int,int,bool)”
D:\程序\app\源.cpp(23,3): message : “void loadimage(IMAGE *,LPCTSTR,LPCTSTR,int,int,bool)”: 无法将参数 2 从“const char [12]”转换为“LPCTSTR”
D:\程序\app\源.cpp(23,26): message : 指向的类型不相关; 转换需要 reinterpret_cast、C 样式强制转换或带圆括号的函数样式强制转换
C:\Program Files\Microsoft Visual Studio\2022\Community\VC\Auxiliary\VS\include\easyx.h(258,6): message : 或    “void loadimage(IMAGE *,LPCTSTR,int,int,bool)”
D:\程序\app\源.cpp(23,3): message : “void loadimage(IMAGE *,LPCTSTR,int,int,bool)”: 无法将参数 2 从“const char [12]”转换为“LPCTSTR”
D:\程序\app\源.cpp(23,26): message : 指向的类型不相关; 转换需要 reinterpret_cast、C 样式强制转换或带圆括号的函数样式强制转换
D:\程序\app\源.cpp(23,3): message : 尝试匹配参数列表“(IMAGE *, const char [12], float, float, bool)”时
D:\程序\app\源.cpp(29,11): warning C4244: “初始化”: 从“double”转换到“float”，可能丢失数据
D:\程序\app\源.cpp(30,3): error C2665: “loadimage”: 没有重载函数可以转换所有参数类型
C:\Program Files\Microsoft Visual Studio\2022\Community\VC\Auxiliary\VS\include\easyx.h(259,6): message : 可能是“void loadimage(IMAGE *,LPCTSTR,LPCTSTR,int,int,bool)”
D:\程序\app\源.cpp(30,3): message : “void loadimage(IMAGE *,LPCTSTR,LPCTSTR,int,int,bool)”: 无法将参数 2 从“const char [12]”转换为“LPCTSTR”
D:\程序\app\源.cpp(30,26): message : 指向的类型不相关; 转换需要 reinterpret_cast、C 样式强制转换或带圆括号的函数样式强制转换
C:\Program Files\Microsoft Visual Studio\2022\Community\VC\Auxiliary\VS\include\easyx.h(258,6): message : 或    “void loadimage(IMAGE *,LPCTSTR,int,int,bool)”
D:\程序\app\源.cpp(30,3): message : “void loadimage(IMAGE *,LPCTSTR,int,int,bool)”: 无法将参数 2 从“const char [12]”转换为“LPCTSTR”
D:\程序\app\源.cpp(30,26): message : 指向的类型不相关; 转换需要 reinterpret_cast、C 样式强制转换或带圆括号的函数样式强制转换
D:\程序\app\源.cpp(30,3): message : 尝试匹配参数列表“(IMAGE *, const char [12], float, float, bool)”时
D:\程序\app\源.cpp(38,2): error C2664: “char *strcpy(char *,const char *)”: 无法将参数 1 从“WCHAR [32]”转换为“char *”
D:\程序\app\源.cpp(38,10): message : 指向的类型不相关; 转换需要 reinterpret_cast、C 样式强制转换或带圆括号的函数样式强制转换
D:\Windows Kits\10\Include\10.0.22000.0\ucrt\string.h(130,1): message : 参见“strcpy”的声明
D:\程序\app\源.cpp(38,2): message : 尝试匹配参数列表“(WCHAR [32], const char [9])”时
D:\程序\app\源.cpp(67,3): error C2665: “outtextxy”: 没有重载函数可以转换所有参数类型
C:\Program Files\Microsoft Visual Studio\2022\Community\VC\Auxiliary\VS\include\easyx.h(226,6): message : 可能是“void outtextxy(int,int,TCHAR)”
D:\程序\app\源.cpp(67,3): message : “void outtextxy(int,int,TCHAR)”: 无法将参数 3 从“const char [7]”转换为“TCHAR”
D:\程序\app\源.cpp(67,24): message : 没有使该转换得以执行的上下文
C:\Program Files\Microsoft Visual Studio\2022\Community\VC\Auxiliary\VS\include\easyx.h(225,6): message : 或    “void outtextxy(int,int,LPCTSTR)”
D:\程序\app\源.cpp(67,3): message : “void outtextxy(int,int,LPCTSTR)”: 无法将参数 3 从“const char [7]”转换为“LPCTSTR”
D:\程序\app\源.cpp(67,24): message : 指向的类型不相关; 转换需要 reinterpret_cast、C 样式强制转换或带圆括号的函数样式强制转换
D:\程序\app\源.cpp(67,3): message : 尝试匹配参数列表“(int, int, const char [7])”时
